2019-04-26 21:53:24,588 INFO 12066 [egg:logger] init all loggers with options: {"dir":"/Users/lp1/Downloads/Vue-shopping-master/egg/logs/server","encoding":"utf8","env":"local","level":"INFO","consoleLevel":"INFO","disableConsoleAfterReady":false,"outputJSON":false,"buffer":true,"appLogName":"server-web.log","coreLogName":"egg-web.log","agentLogName":"egg-agent.log","errorLogName":"common-error.log","coreLogger":{"consoleLevel":"WARN"},"allowDebugAtProd":false,"type":"application"}
2019-04-26 21:53:24,620 INFO 12066 [egg-multipart] stream mode enable
2019-04-26 21:53:24,844 INFO 12066 [egg-mongoose] connecting mongodb://127.0.0.1/shoppingMall
2019-04-26 21:53:25,038 INFO 12066 [egg-static] starting static serve /public/ -> /Users/lp1/Downloads/Vue-shopping-master/egg/app/public
2019-04-26 21:53:25,040 INFO 12066 [egg-security] use methodnoallow middleware
2019-04-26 21:53:25,040 INFO 12066 [egg-security] use noopen middleware
2019-04-26 21:53:25,041 INFO 12066 [egg-security] use nosniff middleware
2019-04-26 21:53:25,041 INFO 12066 [egg-security] use xssProtection middleware
2019-04-26 21:53:25,041 INFO 12066 [egg-security] use xframe middleware
2019-04-26 21:53:25,042 INFO 12066 [egg-security] use dta middleware
2019-04-26 21:53:25,042 INFO 12066 [egg-security] compose 6 middlewares into one security middleware
2019-04-26 21:53:25,054 INFO 12066 [egg:core] dump config after load, 4ms
2019-04-26 21:53:25,056 INFO 12066 [egg-mongoose] starting...
2019-04-26 21:53:25,103 INFO 12066 [egg-watcher:application] watcher start success
2019-04-26 21:53:25,106 INFO 12066 [egg-mongoose] mongodb://127.0.0.1/shoppingMall connected successfully
2019-04-26 21:53:25,113 INFO 12066 [egg-mongoose] instance[0] start successfully
2019-04-26 21:53:25,122 INFO 12066 [egg:core] dump config after ready, 7ms
2019-04-27 08:36:27,825 INFO 6732 [egg:logger] init all loggers with options: {"dir":"C:\\Users\\Administrator\\Desktop\\shop\\server\\logs\\server","encoding":"utf8","env":"local","level":"INFO","consoleLevel":"INFO","disableConsoleAfterReady":false,"outputJSON":false,"buffer":true,"appLogName":"server-web.log","coreLogName":"egg-web.log","agentLogName":"egg-agent.log","errorLogName":"common-error.log","coreLogger":{"consoleLevel":"WARN"},"allowDebugAtProd":false,"type":"application"}
2019-04-27 08:36:27,870 INFO 6732 [egg-multipart] stream mode enable
2019-04-27 08:36:28,159 INFO 6732 [egg-mongoose] connecting mongodb://127.0.0.1/shoppingMall
2019-04-27 08:36:28,444 INFO 6732 [egg-static] starting static serve /public/ -> C:\Users\Administrator\Desktop\shop\server\app\public
2019-04-27 08:36:28,447 INFO 6732 [egg-security] use methodnoallow middleware
2019-04-27 08:36:28,448 INFO 6732 [egg-security] use noopen middleware
2019-04-27 08:36:28,449 INFO 6732 [egg-security] use nosniff middleware
2019-04-27 08:36:28,449 INFO 6732 [egg-security] use xssProtection middleware
2019-04-27 08:36:28,451 INFO 6732 [egg-security] use xframe middleware
2019-04-27 08:36:28,452 INFO 6732 [egg-security] use dta middleware
2019-04-27 08:36:28,452 INFO 6732 [egg-security] compose 6 middlewares into one security middleware
2019-04-27 08:36:28,472 INFO 6732 [egg:core] dump config after load, 5ms
2019-04-27 08:36:28,475 INFO 6732 [egg-mongoose] starting...
2019-04-27 08:36:28,514 INFO 6732 [egg-mongoose] mongodb://127.0.0.1/shoppingMall connected successfully
2019-04-27 08:36:28,522 INFO 6732 [egg-mongoose] instance[0] start successfully
2019-04-27 08:36:28,524 INFO 6732 [egg-watcher:application] watcher start success
2019-04-27 08:36:28,531 INFO 6732 [egg:core] dump config after ready, 6ms
2019-04-27 10:25:49,253 INFO 3124 [egg:logger] init all loggers with options: {"dir":"C:\\Users\\Administrator\\Desktop\\shop\\server\\logs\\server","encoding":"utf8","env":"local","level":"INFO","consoleLevel":"INFO","disableConsoleAfterReady":false,"outputJSON":false,"buffer":true,"appLogName":"server-web.log","coreLogName":"egg-web.log","agentLogName":"egg-agent.log","errorLogName":"common-error.log","coreLogger":{"consoleLevel":"WARN"},"allowDebugAtProd":false,"type":"application"}
2019-04-27 10:25:49,290 INFO 3124 [egg-multipart] stream mode enable
2019-04-27 10:25:49,771 INFO 3124 [egg-mongoose] connecting mongodb://127.0.0.1/shoppingMall
2019-04-27 10:25:50,103 INFO 3124 [egg-static] starting static serve /public/ -> C:\Users\Administrator\Desktop\shop\server\app\public
2019-04-27 10:25:50,106 INFO 3124 [egg-security] use methodnoallow middleware
2019-04-27 10:25:50,106 INFO 3124 [egg-security] use noopen middleware
2019-04-27 10:25:50,107 INFO 3124 [egg-security] use nosniff middleware
2019-04-27 10:25:50,108 INFO 3124 [egg-security] use xssProtection middleware
2019-04-27 10:25:50,109 INFO 3124 [egg-security] use xframe middleware
2019-04-27 10:25:50,110 INFO 3124 [egg-security] use dta middleware
2019-04-27 10:25:50,110 INFO 3124 [egg-security] compose 6 middlewares into one security middleware
2019-04-27 10:25:50,132 INFO 3124 [egg:core] dump config after load, 8ms
2019-04-27 10:25:50,136 INFO 3124 [egg-mongoose] starting...
2019-04-27 10:25:50,176 INFO 3124 [egg-mongoose] mongodb://127.0.0.1/shoppingMall connected successfully
2019-04-27 10:25:50,183 INFO 3124 [egg-mongoose] instance[0] start successfully
2019-04-27 10:25:50,188 INFO 3124 [egg-watcher:application] watcher start success
2019-04-27 10:25:50,198 INFO 3124 [egg:core] dump config after ready, 8ms
2019-04-30 13:56:42,538 INFO 7004 [egg:logger] init all loggers with options: {"dir":"C:\\Users\\Administrator\\Desktop\\shop\\server\\logs\\server","encoding":"utf8","env":"local","level":"INFO","consoleLevel":"INFO","disableConsoleAfterReady":false,"outputJSON":false,"buffer":true,"appLogName":"server-web.log","coreLogName":"egg-web.log","agentLogName":"egg-agent.log","errorLogName":"common-error.log","coreLogger":{"consoleLevel":"WARN"},"allowDebugAtProd":false,"type":"application"}
2019-04-30 13:56:42,574 INFO 7004 [egg-multipart] stream mode enable
2019-04-30 13:56:42,879 INFO 7004 [egg-mongoose] connecting mongodb://127.0.0.1/shoppingMall
2019-04-30 13:56:43,116 INFO 7004 [egg-static] starting static serve /public/ -> C:\Users\Administrator\Desktop\shop\server\app\public
2019-04-30 13:56:43,119 INFO 7004 [egg-security] use methodnoallow middleware
2019-04-30 13:56:43,119 INFO 7004 [egg-security] use noopen middleware
2019-04-30 13:56:43,120 INFO 7004 [egg-security] use nosniff middleware
2019-04-30 13:56:43,121 INFO 7004 [egg-security] use xssProtection middleware
2019-04-30 13:56:43,121 INFO 7004 [egg-security] use xframe middleware
2019-04-30 13:56:43,121 INFO 7004 [egg-security] use dta middleware
2019-04-30 13:56:43,121 INFO 7004 [egg-security] compose 6 middlewares into one security middleware
2019-04-30 13:56:43,339 INFO 7004 [egg:core] dump config after load, 25ms
2019-04-30 13:56:43,347 INFO 7004 [egg-mongoose] starting...
2019-04-30 13:56:43,402 INFO 7004 [egg-watcher:application] watcher start success
2019-04-30 13:56:43,517 INFO 7004 [egg-mongoose] mongodb://127.0.0.1/shoppingMall connected successfully
2019-04-30 13:56:43,538 INFO 7004 [egg-mongoose] instance[0] start successfully
2019-04-30 13:56:43,555 INFO 7004 [egg:core] dump config after ready, 12ms
2019-04-30 14:03:27,941 INFO 1108 [egg:logger] init all loggers with options: {"dir":"C:\\Users\\Administrator\\Desktop\\shop\\server\\logs\\server","encoding":"utf8","env":"local","level":"INFO","consoleLevel":"INFO","disableConsoleAfterReady":false,"outputJSON":false,"buffer":true,"appLogName":"server-web.log","coreLogName":"egg-web.log","agentLogName":"egg-agent.log","errorLogName":"common-error.log","coreLogger":{"consoleLevel":"WARN"},"allowDebugAtProd":false,"type":"application"}
2019-04-30 14:03:27,982 INFO 1108 [egg-multipart] stream mode enable
2019-04-30 14:03:28,494 INFO 1108 [egg-mongoose] connecting mongodb://127.0.0.1/shoppingMall
2019-04-30 14:03:28,868 INFO 1108 [egg-static] starting static serve /public/ -> C:\Users\Administrator\Desktop\shop\server\app\public
2019-04-30 14:03:28,871 INFO 1108 [egg-security] use methodnoallow middleware
2019-04-30 14:03:28,872 INFO 1108 [egg-security] use noopen middleware
2019-04-30 14:03:28,873 INFO 1108 [egg-security] use nosniff middleware
2019-04-30 14:03:28,874 INFO 1108 [egg-security] use xssProtection middleware
2019-04-30 14:03:28,875 INFO 1108 [egg-security] use xframe middleware
2019-04-30 14:03:28,875 INFO 1108 [egg-security] use dta middleware
2019-04-30 14:03:28,875 INFO 1108 [egg-security] compose 6 middlewares into one security middleware
2019-04-30 14:03:28,898 INFO 1108 [egg:core] dump config after load, 5ms
2019-04-30 14:03:28,901 INFO 1108 [egg-mongoose] starting...
2019-04-30 14:03:28,938 INFO 1108 [egg-mongoose] mongodb://127.0.0.1/shoppingMall connected successfully
2019-04-30 14:03:28,945 INFO 1108 [egg-mongoose] instance[0] start successfully
2019-04-30 14:03:28,948 INFO 1108 [egg-watcher:application] watcher start success
2019-04-30 14:03:28,958 INFO 1108 [egg:core] dump config after ready, 7ms
2019-04-30 15:00:05,761 INFO 6380 [egg:logger] init all loggers with options: {"dir":"C:\\Users\\Administrator\\Desktop\\shop\\server\\logs\\server","encoding":"utf8","env":"local","level":"INFO","consoleLevel":"INFO","disableConsoleAfterReady":false,"outputJSON":false,"buffer":true,"appLogName":"server-web.log","coreLogName":"egg-web.log","agentLogName":"egg-agent.log","errorLogName":"common-error.log","coreLogger":{"consoleLevel":"WARN"},"allowDebugAtProd":false,"type":"application"}
2019-04-30 15:00:05,801 INFO 6380 [egg-multipart] stream mode enable
2019-04-30 15:00:06,250 INFO 6380 [egg-mongoose] connecting mongodb://127.0.0.1/shoppingMall
2019-04-30 15:00:06,600 INFO 6380 [egg-static] starting static serve /public/ -> C:\Users\Administrator\Desktop\shop\server\app\public
2019-04-30 15:00:06,603 INFO 6380 [egg-security] use methodnoallow middleware
2019-04-30 15:00:06,603 INFO 6380 [egg-security] use noopen middleware
2019-04-30 15:00:06,604 INFO 6380 [egg-security] use nosniff middleware
2019-04-30 15:00:06,605 INFO 6380 [egg-security] use xssProtection middleware
2019-04-30 15:00:06,605 INFO 6380 [egg-security] use xframe middleware
2019-04-30 15:00:06,606 INFO 6380 [egg-security] use dta middleware
2019-04-30 15:00:06,606 INFO 6380 [egg-security] compose 6 middlewares into one security middleware
2019-04-30 15:00:06,632 INFO 6380 [egg:core] dump config after load, 6ms
2019-04-30 15:00:06,635 INFO 6380 [egg-mongoose] starting...
2019-04-30 15:00:06,674 INFO 6380 [egg-mongoose] mongodb://127.0.0.1/shoppingMall connected successfully
2019-04-30 15:00:06,681 INFO 6380 [egg-mongoose] instance[0] start successfully
2019-04-30 15:00:06,686 INFO 6380 [egg-watcher:application] watcher start success
2019-04-30 15:00:06,693 INFO 6380 [egg:core] dump config after ready, 5ms
2019-04-30 15:01:10,396 INFO 6940 [egg:logger] init all loggers with options: {"dir":"C:\\Users\\Administrator\\Desktop\\shop\\server\\logs\\server","encoding":"utf8","env":"local","level":"INFO","consoleLevel":"INFO","disableConsoleAfterReady":false,"outputJSON":false,"buffer":true,"appLogName":"server-web.log","coreLogName":"egg-web.log","agentLogName":"egg-agent.log","errorLogName":"common-error.log","coreLogger":{"consoleLevel":"WARN"},"allowDebugAtProd":false,"type":"application"}
2019-04-30 15:01:10,434 INFO 6940 [egg-multipart] stream mode enable
2019-04-30 15:01:10,738 INFO 6940 [egg-mongoose] connecting mongodb://127.0.0.1/shoppingMall
2019-04-30 15:01:11,030 INFO 6940 [egg-static] starting static serve /public/ -> C:\Users\Administrator\Desktop\shop\server\app\public
2019-04-30 15:01:11,033 INFO 6940 [egg-security] use methodnoallow middleware
2019-04-30 15:01:11,034 INFO 6940 [egg-security] use noopen middleware
2019-04-30 15:01:11,035 INFO 6940 [egg-security] use nosniff middleware
2019-04-30 15:01:11,036 INFO 6940 [egg-security] use xssProtection middleware
2019-04-30 15:01:11,036 INFO 6940 [egg-security] use xframe middleware
2019-04-30 15:01:11,037 INFO 6940 [egg-security] use dta middleware
2019-04-30 15:01:11,037 INFO 6940 [egg-security] compose 6 middlewares into one security middleware
2019-04-30 15:01:11,070 INFO 6940 [egg:core] dump config after load, 8ms
2019-04-30 15:01:11,073 INFO 6940 [egg-mongoose] starting...
2019-04-30 15:01:11,119 INFO 6940 [egg-mongoose] mongodb://127.0.0.1/shoppingMall connected successfully
2019-04-30 15:01:11,127 INFO 6940 [egg-mongoose] instance[0] start successfully
2019-04-30 15:01:11,132 INFO 6940 [egg-watcher:application] watcher start success
2019-04-30 15:01:11,141 INFO 6940 [egg:core] dump config after ready, 7ms
2019-04-30 15:10:23,263 INFO 1588 [egg:logger] init all loggers with options: {"dir":"C:\\Users\\Administrator\\Desktop\\shop\\server\\logs\\server","encoding":"utf8","env":"local","level":"INFO","consoleLevel":"INFO","disableConsoleAfterReady":false,"outputJSON":false,"buffer":true,"appLogName":"server-web.log","coreLogName":"egg-web.log","agentLogName":"egg-agent.log","errorLogName":"common-error.log","coreLogger":{"consoleLevel":"WARN"},"allowDebugAtProd":false,"type":"application"}
2019-04-30 15:10:23,301 INFO 1588 [egg-multipart] stream mode enable
2019-04-30 15:10:23,661 INFO 1588 [egg-mongoose] connecting mongodb://127.0.0.1/shoppingMall
2019-04-30 15:10:23,886 INFO 1588 [egg-static] starting static serve /public/ -> C:\Users\Administrator\Desktop\shop\server\app\public
2019-04-30 15:10:23,888 INFO 1588 [egg-security] use methodnoallow middleware
2019-04-30 15:10:23,889 INFO 1588 [egg-security] use noopen middleware
2019-04-30 15:10:23,890 INFO 1588 [egg-security] use nosniff middleware
2019-04-30 15:10:23,890 INFO 1588 [egg-security] use xssProtection middleware
2019-04-30 15:10:23,891 INFO 1588 [egg-security] use xframe middleware
2019-04-30 15:10:23,891 INFO 1588 [egg-security] use dta middleware
2019-04-30 15:10:23,891 INFO 1588 [egg-security] compose 6 middlewares into one security middleware
2019-04-30 15:10:23,915 INFO 1588 [egg:core] dump config after load, 6ms
2019-04-30 15:10:23,918 INFO 1588 [egg-mongoose] starting...
2019-04-30 15:10:23,966 INFO 1588 [egg-mongoose] mongodb://127.0.0.1/shoppingMall connected successfully
2019-04-30 15:10:23,973 INFO 1588 [egg-mongoose] instance[0] start successfully
2019-04-30 15:10:23,975 INFO 1588 [egg-watcher:application] watcher start success
2019-04-30 15:10:23,985 INFO 1588 [egg:core] dump config after ready, 6ms
2019-04-30 16:00:34,873 INFO 2516 [egg:logger] init all loggers with options: {"dir":"C:\\Users\\Administrator\\Desktop\\shop\\server\\logs\\server","encoding":"utf8","env":"local","level":"INFO","consoleLevel":"INFO","disableConsoleAfterReady":false,"outputJSON":false,"buffer":true,"appLogName":"server-web.log","coreLogName":"egg-web.log","agentLogName":"egg-agent.log","errorLogName":"common-error.log","coreLogger":{"consoleLevel":"WARN"},"allowDebugAtProd":false,"type":"application"}
2019-04-30 16:00:34,907 INFO 2516 [egg-multipart] stream mode enable
2019-04-30 16:00:35,337 INFO 2516 [egg-mongoose] connecting mongodb://127.0.0.1/shoppingMall
2019-04-30 16:00:35,694 INFO 2516 [egg-static] starting static serve /public/ -> C:\Users\Administrator\Desktop\shop\server\app\public
2019-04-30 16:00:35,696 INFO 2516 [egg-security] use methodnoallow middleware
2019-04-30 16:00:35,697 INFO 2516 [egg-security] use noopen middleware
2019-04-30 16:00:35,698 INFO 2516 [egg-security] use nosniff middleware
2019-04-30 16:00:35,699 INFO 2516 [egg-security] use xssProtection middleware
2019-04-30 16:00:35,699 INFO 2516 [egg-security] use xframe middleware
2019-04-30 16:00:35,700 INFO 2516 [egg-security] use dta middleware
2019-04-30 16:00:35,700 INFO 2516 [egg-security] compose 6 middlewares into one security middleware
2019-04-30 16:00:35,724 INFO 2516 [egg:core] dump config after load, 6ms
2019-04-30 16:00:35,728 INFO 2516 [egg-mongoose] starting...
2019-04-30 16:00:35,778 INFO 2516 [egg-mongoose] mongodb://127.0.0.1/shoppingMall connected successfully
2019-04-30 16:00:35,785 INFO 2516 [egg-mongoose] instance[0] start successfully
2019-04-30 16:00:35,787 INFO 2516 [egg-watcher:application] watcher start success
2019-04-30 16:00:35,797 INFO 2516 [egg:core] dump config after ready, 7ms
2019-04-30 16:27:58,964 INFO 1652 [egg:logger] init all loggers with options: {"dir":"C:\\Users\\Administrator\\Desktop\\shop\\server\\logs\\server","encoding":"utf8","env":"local","level":"INFO","consoleLevel":"INFO","disableConsoleAfterReady":false,"outputJSON":false,"buffer":true,"appLogName":"server-web.log","coreLogName":"egg-web.log","agentLogName":"egg-agent.log","errorLogName":"common-error.log","coreLogger":{"consoleLevel":"WARN"},"allowDebugAtProd":false,"type":"application"}
2019-04-30 16:27:59,004 INFO 1652 [egg-multipart] stream mode enable
2019-04-30 16:27:59,447 INFO 1652 [egg-mongoose] connecting mongodb://127.0.0.1/shoppingMall
2019-04-30 16:27:59,766 INFO 1652 [egg-static] starting static serve /public/ -> C:\Users\Administrator\Desktop\shop\server\app\public
2019-04-30 16:27:59,768 INFO 1652 [egg-security] use methodnoallow middleware
2019-04-30 16:27:59,769 INFO 1652 [egg-security] use noopen middleware
2019-04-30 16:27:59,770 INFO 1652 [egg-security] use nosniff middleware
2019-04-30 16:27:59,770 INFO 1652 [egg-security] use xssProtection middleware
2019-04-30 16:27:59,771 INFO 1652 [egg-security] use xframe middleware
2019-04-30 16:27:59,771 INFO 1652 [egg-security] use dta middleware
2019-04-30 16:27:59,771 INFO 1652 [egg-security] compose 6 middlewares into one security middleware
2019-04-30 16:27:59,791 INFO 1652 [egg:core] dump config after load, 7ms
2019-04-30 16:27:59,795 INFO 1652 [egg-mongoose] starting...
2019-04-30 16:27:59,855 INFO 1652 [egg-mongoose] mongodb://127.0.0.1/shoppingMall connected successfully
2019-04-30 16:27:59,867 INFO 1652 [egg-mongoose] instance[0] start successfully
2019-04-30 16:27:59,872 INFO 1652 [egg-watcher:application] watcher start success
2019-04-30 16:27:59,891 INFO 1652 [egg:core] dump config after ready, 17ms
2019-05-08 11:13:01,282 INFO 7920 [egg:logger] init all loggers with options: {"dir":"C:\\Users\\Administrator\\Desktop\\shop\\server\\logs\\server","encoding":"utf8","env":"local","level":"INFO","consoleLevel":"INFO","disableConsoleAfterReady":false,"outputJSON":false,"buffer":true,"appLogName":"server-web.log","coreLogName":"egg-web.log","agentLogName":"egg-agent.log","errorLogName":"common-error.log","coreLogger":{"consoleLevel":"WARN"},"allowDebugAtProd":false,"type":"application"}
2019-05-08 11:13:01,317 INFO 7920 [egg-multipart] stream mode enable
2019-05-08 11:13:01,786 INFO 7920 [egg-mongoose] connecting mongodb://127.0.0.1/shoppingMall
2019-05-08 11:13:02,170 INFO 7920 [egg-static] starting static serve /public/ -> C:\Users\Administrator\Desktop\shop\server\app\public
2019-05-08 11:13:02,173 INFO 7920 [egg-security] use methodnoallow middleware
2019-05-08 11:13:02,174 INFO 7920 [egg-security] use noopen middleware
2019-05-08 11:13:02,175 INFO 7920 [egg-security] use nosniff middleware
2019-05-08 11:13:02,176 INFO 7920 [egg-security] use xssProtection middleware
2019-05-08 11:13:02,176 INFO 7920 [egg-security] use xframe middleware
2019-05-08 11:13:02,177 INFO 7920 [egg-security] use dta middleware
2019-05-08 11:13:02,177 INFO 7920 [egg-security] compose 6 middlewares into one security middleware
2019-05-08 11:13:02,203 INFO 7920 [egg:core] dump config after load, 7ms
2019-05-08 11:13:02,205 INFO 7920 [egg-mongoose] starting...
2019-05-08 11:13:02,244 INFO 7920 [egg-mongoose] mongodb://127.0.0.1/shoppingMall connected successfully
2019-05-08 11:13:02,251 INFO 7920 [egg-mongoose] instance[0] start successfully
2019-05-08 11:13:02,253 INFO 7920 [egg-watcher:application] watcher start success
2019-05-08 11:13:02,265 INFO 7920 [egg:core] dump config after ready, 9ms
2019-05-08 16:19:35,343 INFO 6608 [egg:logger] init all loggers with options: {"dir":"C:\\Users\\Administrator\\Desktop\\shop\\server\\logs\\server","encoding":"utf8","env":"local","level":"INFO","consoleLevel":"INFO","disableConsoleAfterReady":false,"outputJSON":false,"buffer":true,"appLogName":"server-web.log","coreLogName":"egg-web.log","agentLogName":"egg-agent.log","errorLogName":"common-error.log","coreLogger":{"consoleLevel":"WARN"},"allowDebugAtProd":false,"type":"application"}
2019-05-08 16:19:35,395 INFO 6608 [egg-multipart] stream mode enable
2019-05-08 16:19:36,206 INFO 6608 [egg-mongoose] connecting mongodb://127.0.0.1/shoppingMall
2019-05-08 16:19:36,761 INFO 6608 [egg-static] starting static serve /public/ -> C:\Users\Administrator\Desktop\shop\server\app\public
2019-05-08 16:19:36,765 INFO 6608 [egg-security] use methodnoallow middleware
2019-05-08 16:19:36,765 INFO 6608 [egg-security] use noopen middleware
2019-05-08 16:19:36,767 INFO 6608 [egg-security] use nosniff middleware
2019-05-08 16:19:36,767 INFO 6608 [egg-security] use xssProtection middleware
2019-05-08 16:19:36,768 INFO 6608 [egg-security] use xframe middleware
2019-05-08 16:19:36,769 INFO 6608 [egg-security] use dta middleware
2019-05-08 16:19:36,769 INFO 6608 [egg-security] compose 6 middlewares into one security middleware
2019-05-08 16:19:36,812 INFO 6608 [egg:core] dump config after load, 17ms
2019-05-08 16:19:36,816 INFO 6608 [egg-mongoose] starting...
2019-05-08 16:19:36,882 INFO 6608 [egg-mongoose] mongodb://127.0.0.1/shoppingMall connected successfully
2019-05-08 16:19:36,894 INFO 6608 [egg-mongoose] instance[0] start successfully
2019-05-08 16:19:36,897 INFO 6608 [egg-watcher:application] watcher start success
2019-05-08 16:19:36,916 INFO 6608 [egg:core] dump config after ready, 14ms
2019-05-10 08:53:01,754 INFO 3636 [egg:logger] init all loggers with options: {"dir":"C:\\Users\\Administrator\\Desktop\\shop\\server\\logs\\server","encoding":"utf8","env":"local","level":"INFO","consoleLevel":"INFO","disableConsoleAfterReady":false,"outputJSON":false,"buffer":true,"appLogName":"server-web.log","coreLogName":"egg-web.log","agentLogName":"egg-agent.log","errorLogName":"common-error.log","coreLogger":{"consoleLevel":"WARN"},"allowDebugAtProd":false,"type":"application"}
2019-05-10 08:53:01,791 INFO 3636 [egg-multipart] stream mode enable
2019-05-10 08:53:02,221 INFO 3636 [egg-mongoose] connecting mongodb://127.0.0.1/shoppingMall
2019-05-10 08:53:02,558 INFO 3636 [egg-static] starting static serve /public/ -> C:\Users\Administrator\Desktop\shop\server\app\public
2019-05-10 08:53:02,566 INFO 3636 [egg-security] use methodnoallow middleware
2019-05-10 08:53:02,567 INFO 3636 [egg-security] use noopen middleware
2019-05-10 08:53:02,568 INFO 3636 [egg-security] use nosniff middleware
2019-05-10 08:53:02,569 INFO 3636 [egg-security] use xssProtection middleware
2019-05-10 08:53:02,569 INFO 3636 [egg-security] use xframe middleware
2019-05-10 08:53:02,570 INFO 3636 [egg-security] use dta middleware
2019-05-10 08:53:02,570 INFO 3636 [egg-security] compose 6 middlewares into one security middleware
2019-05-10 08:53:02,592 INFO 3636 [egg:core] dump config after load, 5ms
2019-05-10 08:53:02,596 INFO 3636 [egg-mongoose] starting...
2019-05-10 08:53:02,634 INFO 3636 [egg-watcher:application] watcher start success
2019-05-10 08:53:02,638 INFO 3636 [egg-mongoose] mongodb://127.0.0.1/shoppingMall connected successfully
2019-05-10 08:53:02,645 INFO 3636 [egg-mongoose] instance[0] start successfully
2019-05-10 08:53:02,651 INFO 3636 [egg:core] dump config after ready, 5ms
2019-05-10 08:53:17,447 INFO 7048 [egg:logger] init all loggers with options: {"dir":"C:\\Users\\Administrator\\Desktop\\shop\\server\\logs\\server","encoding":"utf8","env":"local","level":"INFO","consoleLevel":"INFO","disableConsoleAfterReady":false,"outputJSON":false,"buffer":true,"appLogName":"server-web.log","coreLogName":"egg-web.log","agentLogName":"egg-agent.log","errorLogName":"common-error.log","coreLogger":{"consoleLevel":"WARN"},"allowDebugAtProd":false,"type":"application"}
2019-05-10 08:53:17,484 INFO 7048 [egg-multipart] stream mode enable
2019-05-10 08:53:17,774 INFO 7048 [egg-mongoose] connecting mongodb://127.0.0.1/shoppingMall
2019-05-10 08:53:18,005 INFO 7048 [egg-static] starting static serve /public/ -> C:\Users\Administrator\Desktop\shop\server\app\public
2019-05-10 08:53:18,008 INFO 7048 [egg-security] use methodnoallow middleware
2019-05-10 08:53:18,008 INFO 7048 [egg-security] use noopen middleware
2019-05-10 08:53:18,009 INFO 7048 [egg-security] use nosniff middleware
2019-05-10 08:53:18,009 INFO 7048 [egg-security] use xssProtection middleware
2019-05-10 08:53:18,010 INFO 7048 [egg-security] use xframe middleware
2019-05-10 08:53:18,010 INFO 7048 [egg-security] use dta middleware
2019-05-10 08:53:18,010 INFO 7048 [egg-security] compose 6 middlewares into one security middleware
2019-05-10 08:53:18,028 INFO 7048 [egg:core] dump config after load, 6ms
2019-05-10 08:53:18,030 INFO 7048 [egg-mongoose] starting...
2019-05-10 08:53:18,066 INFO 7048 [egg-mongoose] mongodb://127.0.0.1/shoppingMall connected successfully
2019-05-10 08:53:18,073 INFO 7048 [egg-mongoose] instance[0] start successfully
2019-05-10 08:53:18,075 INFO 7048 [egg-watcher:application] watcher start success
2019-05-10 08:53:18,087 INFO 7048 [egg:core] dump config after ready, 6ms
2019-07-01 09:48:43,781 INFO 404 [egg:logger] init all loggers with options: {"dir":"C:\\Users\\Administrator\\Desktop\\vue商城项目\\server\\logs\\server","encoding":"utf8","env":"local","level":"INFO","consoleLevel":"INFO","disableConsoleAfterReady":false,"outputJSON":false,"buffer":true,"appLogName":"server-web.log","coreLogName":"egg-web.log","agentLogName":"egg-agent.log","errorLogName":"common-error.log","coreLogger":{"consoleLevel":"WARN"},"allowDebugAtProd":false,"type":"application"}
2019-07-01 09:48:43,808 INFO 404 [egg-multipart] stream mode enable
2019-07-01 09:48:44,102 INFO 404 [egg-mongoose] connecting mongodb://127.0.0.1/shoppingMall
2019-07-01 09:48:44,329 INFO 404 [egg-static] starting static serve /public/ -> C:\Users\Administrator\Desktop\vue商城项目\server\app\public
2019-07-01 09:48:44,332 INFO 404 [egg-security] use methodnoallow middleware
2019-07-01 09:48:44,333 INFO 404 [egg-security] use noopen middleware
2019-07-01 09:48:44,333 INFO 404 [egg-security] use nosniff middleware
2019-07-01 09:48:44,334 INFO 404 [egg-security] use xssProtection middleware
2019-07-01 09:48:44,335 INFO 404 [egg-security] use xframe middleware
2019-07-01 09:48:44,335 INFO 404 [egg-security] use dta middleware
2019-07-01 09:48:44,335 INFO 404 [egg-security] compose 6 middlewares into one security middleware
2019-07-01 09:48:44,360 INFO 404 [egg:core] dump config after load, 9ms
2019-07-01 09:48:44,363 INFO 404 [egg-mongoose] starting...
2019-07-01 09:48:44,412 INFO 404 [egg-mongoose] mongodb://127.0.0.1/shoppingMall connected successfully
2019-07-01 09:48:44,420 INFO 404 [egg-mongoose] instance[0] start successfully
2019-07-01 09:48:44,423 INFO 404 [egg-watcher:application] watcher start success
2019-07-01 09:48:44,436 INFO 404 [egg:core] dump config after ready, 11ms
2019-07-03 14:42:37,659 INFO 9404 [egg:logger] init all loggers with options: {"dir":"C:\\Users\\Administrator\\Desktop\\vue商城项目\\server\\logs\\server","encoding":"utf8","env":"local","level":"INFO","consoleLevel":"INFO","disableConsoleAfterReady":false,"outputJSON":false,"buffer":true,"appLogName":"server-web.log","coreLogName":"egg-web.log","agentLogName":"egg-agent.log","errorLogName":"common-error.log","coreLogger":{"consoleLevel":"WARN"},"allowDebugAtProd":false,"type":"application"}
2019-07-03 14:42:37,688 INFO 9404 [egg-multipart] stream mode enable
2019-07-03 14:42:38,256 INFO 9404 [egg-mongoose] connecting mongodb://127.0.0.1/shoppingMall
2019-07-03 14:42:38,818 INFO 9404 [egg-static] starting static serve /public/ -> C:\Users\Administrator\Desktop\vue商城项目\server\app\public
2019-07-03 14:42:38,824 INFO 9404 [egg-security] use methodnoallow middleware
2019-07-03 14:42:38,826 INFO 9404 [egg-security] use noopen middleware
2019-07-03 14:42:38,827 INFO 9404 [egg-security] use nosniff middleware
2019-07-03 14:42:38,829 INFO 9404 [egg-security] use xssProtection middleware
2019-07-03 14:42:38,829 INFO 9404 [egg-security] use xframe middleware
2019-07-03 14:42:38,831 INFO 9404 [egg-security] use dta middleware
2019-07-03 14:42:38,831 INFO 9404 [egg-security] compose 6 middlewares into one security middleware
2019-07-03 14:42:38,873 INFO 9404 [egg:core] dump config after load, 11ms
2019-07-03 14:42:38,882 INFO 9404 [egg-mongoose] starting...
2019-07-03 14:42:38,939 INFO 9404 [egg-mongoose] mongodb://127.0.0.1/shoppingMall connected successfully
2019-07-03 14:42:38,946 INFO 9404 [egg-mongoose] instance[0] start successfully
2019-07-03 14:42:38,949 INFO 9404 [egg-watcher:application] watcher start success
2019-07-03 14:42:38,962 INFO 9404 [egg:core] dump config after ready, 8ms
2019-07-03 15:24:23,550 INFO 10252 [egg:logger] init all loggers with options: {"dir":"C:\\Users\\Administrator\\Desktop\\vue商城项目\\server\\logs\\server","encoding":"utf8","env":"local","level":"INFO","consoleLevel":"INFO","disableConsoleAfterReady":false,"outputJSON":false,"buffer":true,"appLogName":"server-web.log","coreLogName":"egg-web.log","agentLogName":"egg-agent.log","errorLogName":"common-error.log","coreLogger":{"consoleLevel":"WARN"},"allowDebugAtProd":false,"type":"application"}
2019-07-03 15:24:23,579 INFO 10252 [egg-multipart] stream mode enable
2019-07-03 15:24:24,217 INFO 10252 [egg-mongoose] connecting mongodb://127.0.0.1/shoppingMall
2019-07-03 15:24:24,649 INFO 10252 [egg-static] starting static serve /public/ -> C:\Users\Administrator\Desktop\vue商城项目\server\app\public
2019-07-03 15:24:24,652 INFO 10252 [egg-security] use methodnoallow middleware
2019-07-03 15:24:24,653 INFO 10252 [egg-security] use noopen middleware
2019-07-03 15:24:24,654 INFO 10252 [egg-security] use nosniff middleware
2019-07-03 15:24:24,655 INFO 10252 [egg-security] use xssProtection middleware
2019-07-03 15:24:24,656 INFO 10252 [egg-security] use xframe middleware
2019-07-03 15:24:24,656 INFO 10252 [egg-security] use dta middleware
2019-07-03 15:24:24,656 INFO 10252 [egg-security] compose 6 middlewares into one security middleware
2019-07-03 15:24:24,684 INFO 10252 [egg:core] dump config after load, 7ms
2019-07-03 15:24:24,687 INFO 10252 [egg-mongoose] starting...
2019-07-03 15:24:24,727 INFO 10252 [egg-mongoose] mongodb://127.0.0.1/shoppingMall connected successfully
2019-07-03 15:24:24,735 INFO 10252 [egg-mongoose] instance[0] start successfully
2019-07-03 15:24:24,737 INFO 10252 [egg-watcher:application] watcher start success
2019-07-03 15:24:24,748 INFO 10252 [egg:core] dump config after ready, 7ms
2019-07-15 10:08:59,226 INFO 1388 [egg:logger] init all loggers with options: {"dir":"C:\\Users\\Administrator\\Desktop\\vue-shopping\\server\\logs\\server","encoding":"utf8","env":"local","level":"INFO","consoleLevel":"INFO","disableConsoleAfterReady":false,"outputJSON":false,"buffer":true,"appLogName":"server-web.log","coreLogName":"egg-web.log","agentLogName":"egg-agent.log","errorLogName":"common-error.log","coreLogger":{"consoleLevel":"WARN"},"allowDebugAtProd":false,"type":"application"}
2019-07-15 10:08:59,262 INFO 1388 [egg-multipart] stream mode enable
2019-07-15 10:09:03,746 INFO 1388 [egg-mongoose] connecting mongodb://127.0.0.1/shoppingMall
2019-07-15 10:09:07,839 INFO 1388 [egg-static] starting static serve /public/ -> C:\Users\Administrator\Desktop\vue-shopping\server\app\public
2019-07-15 10:09:07,847 INFO 1388 [egg-security] use methodnoallow middleware
2019-07-15 10:09:07,850 INFO 1388 [egg-security] use noopen middleware
2019-07-15 10:09:07,854 INFO 1388 [egg-security] use nosniff middleware
2019-07-15 10:09:07,856 INFO 1388 [egg-security] use xssProtection middleware
2019-07-15 10:09:07,857 INFO 1388 [egg-security] use xframe middleware
2019-07-15 10:09:07,859 INFO 1388 [egg-security] use dta middleware
2019-07-15 10:09:07,859 INFO 1388 [egg-security] compose 6 middlewares into one security middleware
2019-07-15 10:09:08,099 INFO 1388 [egg:core] dump config after load, 50ms
2019-07-15 10:09:08,106 INFO 1388 [egg-mongoose] starting...
2019-07-15 10:09:08,310 INFO 1388 [egg-watcher:application] watcher start success
2019-07-15 10:13:59,352 INFO 8276 [egg:logger] init all loggers with options: {"dir":"C:\\Users\\Administrator\\Desktop\\vue-shopping\\server\\logs\\server","encoding":"utf8","env":"local","level":"INFO","consoleLevel":"INFO","disableConsoleAfterReady":false,"outputJSON":false,"buffer":true,"appLogName":"server-web.log","coreLogName":"egg-web.log","agentLogName":"egg-agent.log","errorLogName":"common-error.log","coreLogger":{"consoleLevel":"WARN"},"allowDebugAtProd":false,"type":"application"}
2019-07-15 10:13:59,388 INFO 8276 [egg-multipart] stream mode enable
2019-07-15 10:13:59,918 INFO 8276 [egg-mongoose] connecting mongodb://127.0.0.1/shoppingMall
2019-07-15 10:14:00,300 INFO 8276 [egg-static] starting static serve /public/ -> C:\Users\Administrator\Desktop\vue-shopping\server\app\public
2019-07-15 10:14:00,304 INFO 8276 [egg-security] use methodnoallow middleware
2019-07-15 10:14:00,305 INFO 8276 [egg-security] use noopen middleware
2019-07-15 10:14:00,307 INFO 8276 [egg-security] use nosniff middleware
2019-07-15 10:14:00,307 INFO 8276 [egg-security] use xssProtection middleware
2019-07-15 10:14:00,308 INFO 8276 [egg-security] use xframe middleware
2019-07-15 10:14:00,309 INFO 8276 [egg-security] use dta middleware
2019-07-15 10:14:00,309 INFO 8276 [egg-security] compose 6 middlewares into one security middleware
2019-07-15 10:14:00,339 INFO 8276 [egg:core] dump config after load, 12ms
2019-07-15 10:14:00,343 INFO 8276 [egg-mongoose] starting...
2019-07-15 10:14:00,384 INFO 8276 [egg-watcher:application] watcher start success
2019-07-15 10:21:33,191 INFO 832 [egg:logger] init all loggers with options: {"dir":"C:\\Users\\Administrator\\Desktop\\vue-shopping\\server\\logs\\server","encoding":"utf8","env":"local","level":"INFO","consoleLevel":"INFO","disableConsoleAfterReady":false,"outputJSON":false,"buffer":true,"appLogName":"server-web.log","coreLogName":"egg-web.log","agentLogName":"egg-agent.log","errorLogName":"common-error.log","coreLogger":{"consoleLevel":"WARN"},"allowDebugAtProd":false,"type":"application"}
2019-07-15 10:21:33,226 INFO 832 [egg-multipart] stream mode enable
2019-07-15 10:21:33,745 INFO 832 [egg-mongoose] connecting mongodb://127.0.0.1/shoppingMall
2019-07-15 10:21:34,132 INFO 832 [egg-static] starting static serve /public/ -> C:\Users\Administrator\Desktop\vue-shopping\server\app\public
2019-07-15 10:21:34,136 INFO 832 [egg-security] use methodnoallow middleware
2019-07-15 10:21:34,137 INFO 832 [egg-security] use noopen middleware
2019-07-15 10:21:34,139 INFO 832 [egg-security] use nosniff middleware
2019-07-15 10:21:34,140 INFO 832 [egg-security] use xssProtection middleware
2019-07-15 10:21:34,140 INFO 832 [egg-security] use xframe middleware
2019-07-15 10:21:34,141 INFO 832 [egg-security] use dta middleware
2019-07-15 10:21:34,141 INFO 832 [egg-security] compose 6 middlewares into one security middleware
2019-07-15 10:21:34,171 INFO 832 [egg:core] dump config after load, 11ms
2019-07-15 10:21:34,174 INFO 832 [egg-mongoose] starting...
2019-07-15 10:21:34,239 INFO 832 [egg-mongoose] mongodb://127.0.0.1/shoppingMall connected successfully
2019-07-15 10:21:34,247 INFO 832 [egg-mongoose] instance[0] start successfully
2019-07-15 10:21:34,250 INFO 832 [egg-watcher:application] watcher start success
2019-07-15 10:21:34,261 INFO 832 [egg:core] dump config after ready, 6ms
2019-07-15 11:06:21,164 INFO 8856 [egg:logger] init all loggers with options: {"dir":"C:\\Users\\Administrator\\Desktop\\vue-shopping\\server\\logs\\server","encoding":"utf8","env":"local","level":"INFO","consoleLevel":"INFO","disableConsoleAfterReady":false,"outputJSON":false,"buffer":true,"appLogName":"server-web.log","coreLogName":"egg-web.log","agentLogName":"egg-agent.log","errorLogName":"common-error.log","coreLogger":{"consoleLevel":"WARN"},"allowDebugAtProd":false,"type":"application"}
2019-07-15 11:06:21,206 INFO 8856 [egg-multipart] stream mode enable
2019-07-15 11:06:22,030 INFO 8856 [egg-mongoose] connecting mongodb://127.0.0.1/shoppingMall
2019-07-15 11:06:23,888 INFO 8856 [egg-static] starting static serve /public/ -> C:\Users\Administrator\Desktop\vue-shopping\server\app\public
2019-07-15 11:06:23,892 INFO 8856 [egg-security] use methodnoallow middleware
2019-07-15 11:06:23,893 INFO 8856 [egg-security] use noopen middleware
2019-07-15 11:06:23,895 INFO 8856 [egg-security] use nosniff middleware
2019-07-15 11:06:23,896 INFO 8856 [egg-security] use xssProtection middleware
2019-07-15 11:06:23,896 INFO 8856 [egg-security] use xframe middleware
2019-07-15 11:06:23,897 INFO 8856 [egg-security] use dta middleware
2019-07-15 11:06:23,897 INFO 8856 [egg-security] compose 6 middlewares into one security middleware
2019-07-15 11:06:24,025 INFO 8856 [egg:core] dump config after load, 7ms
2019-07-15 11:06:24,028 INFO 8856 [egg-mongoose] starting...
2019-07-15 11:06:24,108 INFO 8856 [egg-mongoose] mongodb://127.0.0.1/shoppingMall connected successfully
2019-07-15 11:06:24,116 INFO 8856 [egg-mongoose] instance[0] start successfully
2019-07-15 11:06:24,118 INFO 8856 [egg-watcher:application] watcher start success
2019-07-15 11:06:24,132 INFO 8856 [egg:core] dump config after ready, 9ms
2019-07-17 08:47:35,936 INFO 6572 [egg:logger] init all loggers with options: {"dir":"C:\\Users\\Administrator\\Desktop\\vue-shopping\\server\\logs\\server","encoding":"utf8","env":"local","level":"INFO","consoleLevel":"INFO","disableConsoleAfterReady":false,"outputJSON":false,"buffer":true,"appLogName":"server-web.log","coreLogName":"egg-web.log","agentLogName":"egg-agent.log","errorLogName":"common-error.log","coreLogger":{"consoleLevel":"WARN"},"allowDebugAtProd":false,"type":"application"}
2019-07-17 08:47:36,024 INFO 6572 [egg-multipart] stream mode enable
2019-07-17 08:47:41,672 INFO 6572 [egg-mongoose] connecting mongodb://127.0.0.1/shoppingMall
2019-07-17 08:47:47,334 INFO 6572 [egg-static] starting static serve /public/ -> C:\Users\Administrator\Desktop\vue-shopping\server\app\public
2019-07-17 08:47:47,379 INFO 6572 [egg-security] use methodnoallow middleware
2019-07-17 08:47:47,381 INFO 6572 [egg-security] use noopen middleware
2019-07-17 08:47:47,384 INFO 6572 [egg-security] use nosniff middleware
2019-07-17 08:47:47,386 INFO 6572 [egg-security] use xssProtection middleware
2019-07-17 08:47:47,387 INFO 6572 [egg-security] use xframe middleware
2019-07-17 08:47:47,393 INFO 6572 [egg-security] use dta middleware
2019-07-17 08:47:47,393 INFO 6572 [egg-security] compose 6 middlewares into one security middleware
2019-07-17 08:47:47,637 INFO 6572 [egg:core] dump config after load, 10ms
2019-07-17 08:47:47,640 INFO 6572 [egg-mongoose] starting...
2019-07-17 08:47:47,783 INFO 6572 [egg-mongoose] mongodb://127.0.0.1/shoppingMall connected successfully
2019-07-17 08:47:47,799 INFO 6572 [egg-mongoose] instance[0] start successfully
2019-07-17 08:47:47,804 INFO 6572 [egg-watcher:application] watcher start success
2019-07-17 08:47:47,815 INFO 6572 [egg:core] dump config after ready, 9ms
2019-07-17 18:27:00,041 ERROR 6572 [egg-mongoose] mongodb://127.0.0.1/shoppingMall disconnected
2019-07-18 08:37:11,010 INFO 556 [egg:logger] init all loggers with options: {"dir":"C:\\Users\\Administrator\\Desktop\\vue-shopping\\server\\logs\\server","encoding":"utf8","env":"local","level":"INFO","consoleLevel":"INFO","disableConsoleAfterReady":false,"outputJSON":false,"buffer":true,"appLogName":"server-web.log","coreLogName":"egg-web.log","agentLogName":"egg-agent.log","errorLogName":"common-error.log","coreLogger":{"consoleLevel":"WARN"},"allowDebugAtProd":false,"type":"application"}
2019-07-18 08:37:11,066 INFO 556 [egg-multipart] stream mode enable
2019-07-18 08:37:25,695 INFO 556 [egg-mongoose] connecting mongodb://127.0.0.1/shoppingMall
2019-07-18 08:37:33,286 INFO 556 [egg-static] starting static serve /public/ -> C:\Users\Administrator\Desktop\vue-shopping\server\app\public
2019-07-18 08:37:33,324 INFO 556 [egg-security] use methodnoallow middleware
2019-07-18 08:37:33,326 INFO 556 [egg-security] use noopen middleware
2019-07-18 08:37:33,330 INFO 556 [egg-security] use nosniff middleware
2019-07-18 08:37:33,331 INFO 556 [egg-security] use xssProtection middleware
2019-07-18 08:37:33,332 INFO 556 [egg-security] use xframe middleware
2019-07-18 08:37:33,339 INFO 556 [egg-security] use dta middleware
2019-07-18 08:37:33,339 INFO 556 [egg-security] compose 6 middlewares into one security middleware
2019-07-18 08:37:33,656 INFO 556 [egg:core] dump config after load, 28ms
2019-07-18 08:37:33,663 INFO 556 [egg-mongoose] starting...
2019-07-18 08:37:33,865 INFO 556 [egg-mongoose] mongodb://127.0.0.1/shoppingMall connected successfully
2019-07-18 08:37:33,882 INFO 556 [egg-mongoose] instance[0] start successfully
2019-07-18 08:37:33,889 INFO 556 [egg-watcher:application] watcher start success
2019-07-18 08:37:33,901 INFO 556 [egg:core] dump config after ready, 7ms
2019-07-19 08:41:32,129 INFO 7156 [egg:logger] init all loggers with options: {"dir":"C:\\Users\\Administrator\\Desktop\\vue-shopping\\server\\logs\\server","encoding":"utf8","env":"local","level":"INFO","consoleLevel":"INFO","disableConsoleAfterReady":false,"outputJSON":false,"buffer":true,"appLogName":"server-web.log","coreLogName":"egg-web.log","agentLogName":"egg-agent.log","errorLogName":"common-error.log","coreLogger":{"consoleLevel":"WARN"},"allowDebugAtProd":false,"type":"application"}
2019-07-19 08:41:32,184 INFO 7156 [egg-multipart] stream mode enable
2019-07-19 08:41:39,728 INFO 7156 [egg-mongoose] connecting mongodb://127.0.0.1/shoppingMall
2019-07-19 08:41:46,174 INFO 7156 [egg-static] starting static serve /public/ -> C:\Users\Administrator\Desktop\vue-shopping\server\app\public
2019-07-19 08:41:46,256 INFO 7156 [egg-security] use methodnoallow middleware
2019-07-19 08:41:46,259 INFO 7156 [egg-security] use noopen middleware
2019-07-19 08:41:46,264 INFO 7156 [egg-security] use nosniff middleware
2019-07-19 08:41:46,266 INFO 7156 [egg-security] use xssProtection middleware
2019-07-19 08:41:46,268 INFO 7156 [egg-security] use xframe middleware
2019-07-19 08:41:46,281 INFO 7156 [egg-security] use dta middleware
2019-07-19 08:41:46,281 INFO 7156 [egg-security] compose 6 middlewares into one security middleware
2019-07-19 08:41:46,684 INFO 7156 [egg:core] dump config after load, 14ms
2019-07-19 08:41:46,696 INFO 7156 [egg-mongoose] starting...
2019-07-19 08:41:46,891 INFO 7156 [egg-watcher:application] watcher start success
2019-07-19 08:41:46,897 INFO 7156 [egg-mongoose] mongodb://127.0.0.1/shoppingMall connected successfully
2019-07-19 08:41:46,916 INFO 7156 [egg-mongoose] instance[0] start successfully
2019-07-19 08:41:46,927 INFO 7156 [egg:core] dump config after ready, 7ms
2019-07-22 08:43:26,517 INFO 6332 [egg:logger] init all loggers with options: {"dir":"C:\\Users\\Administrator\\Desktop\\vue-shopping\\server\\logs\\server","encoding":"utf8","env":"local","level":"INFO","consoleLevel":"INFO","disableConsoleAfterReady":false,"outputJSON":false,"buffer":true,"appLogName":"server-web.log","coreLogName":"egg-web.log","agentLogName":"egg-agent.log","errorLogName":"common-error.log","coreLogger":{"consoleLevel":"WARN"},"allowDebugAtProd":false,"type":"application"}
2019-07-22 08:43:26,557 INFO 6332 [egg-multipart] stream mode enable
2019-07-22 08:43:31,401 INFO 6332 [egg-mongoose] connecting mongodb://127.0.0.1/shoppingMall
2019-07-22 08:43:37,480 INFO 6332 [egg-static] starting static serve /public/ -> C:\Users\Administrator\Desktop\vue-shopping\server\app\public
2019-07-22 08:43:37,511 INFO 6332 [egg-security] use methodnoallow middleware
2019-07-22 08:43:37,513 INFO 6332 [egg-security] use noopen middleware
2019-07-22 08:43:37,517 INFO 6332 [egg-security] use nosniff middleware
2019-07-22 08:43:37,518 INFO 6332 [egg-security] use xssProtection middleware
2019-07-22 08:43:37,519 INFO 6332 [egg-security] use xframe middleware
2019-07-22 08:43:37,521 INFO 6332 [egg-security] use dta middleware
2019-07-22 08:43:37,521 INFO 6332 [egg-security] compose 6 middlewares into one security middleware
2019-07-22 08:43:37,726 INFO 6332 [egg:core] dump config after load, 22ms
2019-07-22 08:43:37,730 INFO 6332 [egg-mongoose] starting...
2019-07-22 08:43:37,842 INFO 6332 [egg-mongoose] mongodb://127.0.0.1/shoppingMall connected successfully
2019-07-22 08:43:37,851 INFO 6332 [egg-mongoose] instance[0] start successfully
2019-07-22 08:43:37,856 INFO 6332 [egg-watcher:application] watcher start success
2019-07-22 08:43:37,889 INFO 6332 [egg:core] dump config after ready, 19ms
2019-07-23 08:35:04,551 INFO 5268 [egg:logger] init all loggers with options: {"dir":"C:\\Users\\Administrator\\Desktop\\vue-shopping\\server\\logs\\server","encoding":"utf8","env":"local","level":"INFO","consoleLevel":"INFO","disableConsoleAfterReady":false,"outputJSON":false,"buffer":true,"appLogName":"server-web.log","coreLogName":"egg-web.log","agentLogName":"egg-agent.log","errorLogName":"common-error.log","coreLogger":{"consoleLevel":"WARN"},"allowDebugAtProd":false,"type":"application"}
2019-07-23 08:35:04,590 INFO 5268 [egg-multipart] stream mode enable
2019-07-23 08:35:07,963 INFO 5268 [egg-mongoose] connecting mongodb://127.0.0.1/shoppingMall
2019-07-23 08:35:11,936 INFO 5268 [egg-static] starting static serve /public/ -> C:\Users\Administrator\Desktop\vue-shopping\server\app\public
2019-07-23 08:35:11,987 INFO 5268 [egg-security] use methodnoallow middleware
2019-07-23 08:35:11,991 INFO 5268 [egg-security] use noopen middleware
2019-07-23 08:35:12,000 INFO 5268 [egg-security] use nosniff middleware
2019-07-23 08:35:12,003 INFO 5268 [egg-security] use xssProtection middleware
2019-07-23 08:35:12,006 INFO 5268 [egg-security] use xframe middleware
2019-07-23 08:35:12,011 INFO 5268 [egg-security] use dta middleware
2019-07-23 08:35:12,012 INFO 5268 [egg-security] compose 6 middlewares into one security middleware
2019-07-23 08:35:12,267 INFO 5268 [egg:core] dump config after load, 39ms
2019-07-23 08:35:12,275 INFO 5268 [egg-mongoose] starting...
2019-07-23 08:35:12,369 INFO 5268 [egg-mongoose] mongodb://127.0.0.1/shoppingMall connected successfully
2019-07-23 08:35:12,377 INFO 5268 [egg-mongoose] instance[0] start successfully
2019-07-23 08:35:12,383 INFO 5268 [egg-watcher:application] watcher start success
2019-07-23 08:35:12,405 INFO 5268 [egg:core] dump config after ready, 19ms
2019-07-24 09:14:45,446 INFO 5976 [egg:logger] init all loggers with options: {"dir":"C:\\Users\\Administrator\\Desktop\\vue-shopping\\server\\logs\\server","encoding":"utf8","env":"local","level":"INFO","consoleLevel":"INFO","disableConsoleAfterReady":false,"outputJSON":false,"buffer":true,"appLogName":"server-web.log","coreLogName":"egg-web.log","agentLogName":"egg-agent.log","errorLogName":"common-error.log","coreLogger":{"consoleLevel":"WARN"},"allowDebugAtProd":false,"type":"application"}
2019-07-24 09:14:45,485 INFO 5976 [egg-multipart] stream mode enable
2019-07-24 09:14:52,241 INFO 5976 [egg-mongoose] connecting mongodb://127.0.0.1/shoppingMall
2019-07-24 09:14:57,175 INFO 5976 [egg-static] starting static serve /public/ -> C:\Users\Administrator\Desktop\vue-shopping\server\app\public
2019-07-24 09:14:57,178 INFO 5976 [egg-security] use methodnoallow middleware
2019-07-24 09:14:57,179 INFO 5976 [egg-security] use noopen middleware
2019-07-24 09:14:57,181 INFO 5976 [egg-security] use nosniff middleware
2019-07-24 09:14:57,182 INFO 5976 [egg-security] use xssProtection middleware
2019-07-24 09:14:57,183 INFO 5976 [egg-security] use xframe middleware
2019-07-24 09:14:57,185 INFO 5976 [egg-security] use dta middleware
2019-07-24 09:14:57,185 INFO 5976 [egg-security] compose 6 middlewares into one security middleware
2019-07-24 09:14:57,364 INFO 5976 [egg:core] dump config after load, 6ms
2019-07-24 09:14:57,367 INFO 5976 [egg-mongoose] starting...
2019-07-24 09:14:57,585 INFO 5976 [egg-watcher:application] watcher start success
2019-07-24 09:14:57,608 INFO 5976 [egg-mongoose] mongodb://127.0.0.1/shoppingMall connected successfully
2019-07-24 09:14:57,625 INFO 5976 [egg-mongoose] instance[0] start successfully
2019-07-24 09:14:57,637 INFO 5976 [egg:core] dump config after ready, 7ms
2019-07-25 08:35:40,490 INFO 5456 [egg:logger] init all loggers with options: {"dir":"C:\\Users\\Administrator\\Desktop\\vue-shopping\\server\\logs\\server","encoding":"utf8","env":"local","level":"INFO","consoleLevel":"INFO","disableConsoleAfterReady":false,"outputJSON":false,"buffer":true,"appLogName":"server-web.log","coreLogName":"egg-web.log","agentLogName":"egg-agent.log","errorLogName":"common-error.log","coreLogger":{"consoleLevel":"WARN"},"allowDebugAtProd":false,"type":"application"}
2019-07-25 08:35:40,671 INFO 5456 [egg-multipart] stream mode enable
2019-07-25 08:35:59,843 INFO 5456 [egg-mongoose] connecting mongodb://127.0.0.1/shoppingMall
2019-07-25 08:36:06,941 INFO 5456 [egg-static] starting static serve /public/ -> C:\Users\Administrator\Desktop\vue-shopping\server\app\public
2019-07-25 08:36:06,993 INFO 5456 [egg-security] use methodnoallow middleware
2019-07-25 08:36:06,995 INFO 5456 [egg-security] use noopen middleware
2019-07-25 08:36:07,000 INFO 5456 [egg-security] use nosniff middleware
2019-07-25 08:36:07,001 INFO 5456 [egg-security] use xssProtection middleware
2019-07-25 08:36:07,002 INFO 5456 [egg-security] use xframe middleware
2019-07-25 08:36:07,009 INFO 5456 [egg-security] use dta middleware
2019-07-25 08:36:07,009 INFO 5456 [egg-security] compose 6 middlewares into one security middleware
2019-07-25 08:36:07,378 INFO 5456 [egg:core] dump config after load, 34ms
2019-07-25 08:36:07,386 INFO 5456 [egg-mongoose] starting...
2019-07-25 08:36:07,616 INFO 5456 [egg-mongoose] mongodb://127.0.0.1/shoppingMall connected successfully
2019-07-25 08:36:07,629 INFO 5456 [egg-mongoose] instance[0] start successfully
2019-07-25 08:36:07,632 INFO 5456 [egg-watcher:application] watcher start success
2019-07-25 08:36:07,647 INFO 5456 [egg:core] dump config after ready, 8ms
2019-07-26 09:01:45,578 INFO 7348 [egg:logger] init all loggers with options: {"dir":"C:\\Users\\Administrator\\Desktop\\vue-shopping\\server\\logs\\server","encoding":"utf8","env":"local","level":"INFO","consoleLevel":"INFO","disableConsoleAfterReady":false,"outputJSON":false,"buffer":true,"appLogName":"server-web.log","coreLogName":"egg-web.log","agentLogName":"egg-agent.log","errorLogName":"common-error.log","coreLogger":{"consoleLevel":"WARN"},"allowDebugAtProd":false,"type":"application"}
2019-07-26 09:01:45,620 INFO 7348 [egg-multipart] stream mode enable
2019-07-26 09:02:19,252 INFO 7348 [egg-mongoose] connecting mongodb://127.0.0.1/shoppingMall
2019-07-26 09:02:48,736 INFO 7348 [egg-static] starting static serve /public/ -> C:\Users\Administrator\Desktop\vue-shopping\server\app\public
2019-07-26 09:02:49,183 INFO 7348 [egg-security] use methodnoallow middleware
2019-07-26 09:02:49,188 INFO 7348 [egg-security] use noopen middleware
2019-07-26 09:02:49,196 INFO 7348 [egg-security] use nosniff middleware
2019-07-26 09:02:49,202 INFO 7348 [egg-security] use xssProtection middleware
2019-07-26 09:02:49,205 INFO 7348 [egg-security] use xframe middleware
2019-07-26 09:02:49,335 INFO 7348 [egg-security] use dta middleware
2019-07-26 09:02:49,335 INFO 7348 [egg-security] compose 6 middlewares into one security middleware
2019-07-26 09:02:52,395 INFO 7348 [egg:core] dump config after load, 36ms
2019-07-26 09:02:52,404 INFO 7348 [egg-mongoose] starting...
2019-07-26 09:03:51,286 INFO 6620 [egg:logger] init all loggers with options: {"dir":"C:\\Users\\Administrator\\Desktop\\vue-shopping\\server\\logs\\server","encoding":"utf8","env":"local","level":"INFO","consoleLevel":"INFO","disableConsoleAfterReady":false,"outputJSON":false,"buffer":true,"appLogName":"server-web.log","coreLogName":"egg-web.log","agentLogName":"egg-agent.log","errorLogName":"common-error.log","coreLogger":{"consoleLevel":"WARN"},"allowDebugAtProd":false,"type":"application"}
2019-07-26 09:03:51,322 INFO 6620 [egg-multipart] stream mode enable
2019-07-26 09:03:51,869 INFO 6620 [egg-mongoose] connecting mongodb://127.0.0.1/shoppingMall
2019-07-26 09:03:52,340 INFO 6620 [egg-static] starting static serve /public/ -> C:\Users\Administrator\Desktop\vue-shopping\server\app\public
2019-07-26 09:03:52,344 INFO 6620 [egg-security] use methodnoallow middleware
2019-07-26 09:03:52,345 INFO 6620 [egg-security] use noopen middleware
2019-07-26 09:03:52,347 INFO 6620 [egg-security] use nosniff middleware
2019-07-26 09:03:52,348 INFO 6620 [egg-security] use xssProtection middleware
2019-07-26 09:03:52,348 INFO 6620 [egg-security] use xframe middleware
2019-07-26 09:03:52,349 INFO 6620 [egg-security] use dta middleware
2019-07-26 09:03:52,349 INFO 6620 [egg-security] compose 6 middlewares into one security middleware
2019-07-26 09:03:52,379 INFO 6620 [egg:core] dump config after load, 7ms
2019-07-26 09:03:52,383 INFO 6620 [egg-mongoose] starting...
2019-07-26 09:03:52,432 INFO 6620 [egg-mongoose] mongodb://127.0.0.1/shoppingMall connected successfully
2019-07-26 09:03:52,440 INFO 6620 [egg-mongoose] instance[0] start successfully
2019-07-26 09:03:52,445 INFO 6620 [egg-watcher:application] watcher start success
2019-07-26 09:03:52,454 INFO 6620 [egg:core] dump config after ready, 7ms
2019-07-27 08:34:44,617 INFO 3316 [egg:logger] init all loggers with options: {"dir":"C:\\Users\\Administrator\\Desktop\\vue-shopping\\server\\logs\\server","encoding":"utf8","env":"local","level":"INFO","consoleLevel":"INFO","disableConsoleAfterReady":false,"outputJSON":false,"buffer":true,"appLogName":"server-web.log","coreLogName":"egg-web.log","agentLogName":"egg-agent.log","errorLogName":"common-error.log","coreLogger":{"consoleLevel":"WARN"},"allowDebugAtProd":false,"type":"application"}
2019-07-27 08:34:44,655 INFO 3316 [egg-multipart] stream mode enable
2019-07-27 08:34:56,154 INFO 3316 [egg-mongoose] connecting mongodb://127.0.0.1/shoppingMall
2019-07-27 08:35:07,850 INFO 3316 [egg-static] starting static serve /public/ -> C:\Users\Administrator\Desktop\vue-shopping\server\app\public
2019-07-27 08:35:07,899 INFO 3316 [egg-security] use methodnoallow middleware
2019-07-27 08:35:07,900 INFO 3316 [egg-security] use noopen middleware
2019-07-27 08:35:07,902 INFO 3316 [egg-security] use nosniff middleware
2019-07-27 08:35:07,903 INFO 3316 [egg-security] use xssProtection middleware
2019-07-27 08:35:07,904 INFO 3316 [egg-security] use xframe middleware
2019-07-27 08:35:07,989 INFO 3316 [egg-security] use dta middleware
2019-07-27 08:35:07,989 INFO 3316 [egg-security] compose 6 middlewares into one security middleware
2019-07-27 08:35:08,473 INFO 3316 [egg:core] dump config after load, 8ms
2019-07-27 08:35:08,477 INFO 3316 [egg-mongoose] starting...
2019-07-27 08:35:08,734 INFO 3316 [egg-mongoose] mongodb://127.0.0.1/shoppingMall connected successfully
2019-07-27 08:35:08,750 INFO 3316 [egg-mongoose] instance[0] start successfully
2019-07-27 08:35:08,766 INFO 3316 [egg-watcher:application] watcher start success
2019-07-27 08:35:08,777 INFO 3316 [egg:core] dump config after ready, 8ms
2019-07-27 17:32:39,766 ERROR 3316 [egg-mongoose] mongodb://127.0.0.1/shoppingMall disconnected
2019-07-27 22:17:59,877 INFO 8984 [egg:logger] init all loggers with options: {"dir":"C:\\Users\\Lenovo\\Desktop\\vue-shopping\\server\\logs\\server","encoding":"utf8","env":"local","level":"INFO","consoleLevel":"INFO","disableConsoleAfterReady":false,"outputJSON":false,"buffer":true,"appLogName":"server-web.log","coreLogName":"egg-web.log","agentLogName":"egg-agent.log","errorLogName":"common-error.log","coreLogger":{"consoleLevel":"WARN"},"allowDebugAtProd":false,"type":"application"}
2019-07-27 22:18:00,019 INFO 8984 [egg-multipart] stream mode enable
2019-07-27 22:18:07,216 INFO 8984 [egg-mongoose] connecting mongodb://127.0.0.1/shoppingMall
2019-07-27 22:18:12,409 INFO 8984 [egg-static] starting static serve /public/ -> C:\Users\Lenovo\Desktop\vue-shopping\server\app\public
2019-07-27 22:18:12,450 INFO 8984 [egg-security] use methodnoallow middleware
2019-07-27 22:18:12,453 INFO 8984 [egg-security] use noopen middleware
2019-07-27 22:18:12,457 INFO 8984 [egg-security] use nosniff middleware
2019-07-27 22:18:12,460 INFO 8984 [egg-security] use xssProtection middleware
2019-07-27 22:18:12,462 INFO 8984 [egg-security] use xframe middleware
2019-07-27 22:18:12,465 INFO 8984 [egg-security] use dta middleware
2019-07-27 22:18:12,465 INFO 8984 [egg-security] compose 6 middlewares into one security middleware
2019-07-27 22:18:12,873 INFO 8984 [egg:core] dump config after load, 69ms
2019-07-27 22:18:12,883 INFO 8984 [egg-mongoose] starting...
2019-07-27 22:18:13,142 INFO 8984 [egg-watcher:application] watcher start success
2019-07-27 22:18:13,204 INFO 8984 [egg-mongoose] mongodb://127.0.0.1/shoppingMall connected successfully
2019-07-27 22:18:13,242 INFO 8984 [egg-mongoose] instance[0] start successfully
2019-07-27 22:18:13,321 INFO 8984 [egg:core] dump config after ready, 71ms
2019-07-29 12:48:19,519 INFO 3092 [egg:logger] init all loggers with options: {"dir":"C:\\Users\\Lenovo\\Desktop\\vue-shopping\\server\\logs\\server","encoding":"utf8","env":"local","level":"INFO","consoleLevel":"INFO","disableConsoleAfterReady":false,"outputJSON":false,"buffer":true,"appLogName":"server-web.log","coreLogName":"egg-web.log","agentLogName":"egg-agent.log","errorLogName":"common-error.log","coreLogger":{"consoleLevel":"WARN"},"allowDebugAtProd":false,"type":"application"}
2019-07-29 12:48:19,611 INFO 3092 [egg-multipart] stream mode enable
2019-07-29 12:48:26,180 INFO 3092 [egg-mongoose] connecting mongodb://127.0.0.1/shoppingMall
2019-07-29 12:48:32,620 INFO 3092 [egg-static] starting static serve /public/ -> C:\Users\Lenovo\Desktop\vue-shopping\server\app\public
2019-07-29 12:48:32,629 INFO 3092 [egg-security] use methodnoallow middleware
2019-07-29 12:48:32,632 INFO 3092 [egg-security] use noopen middleware
2019-07-29 12:48:32,636 INFO 3092 [egg-security] use nosniff middleware
2019-07-29 12:48:32,639 INFO 3092 [egg-security] use xssProtection middleware
2019-07-29 12:48:32,677 INFO 3092 [egg-security] use xframe middleware
2019-07-29 12:48:32,679 INFO 3092 [egg-security] use dta middleware
2019-07-29 12:48:32,680 INFO 3092 [egg-security] compose 6 middlewares into one security middleware
2019-07-29 12:48:32,977 INFO 3092 [egg:core] dump config after load, 32ms
2019-07-29 12:48:32,986 INFO 3092 [egg-mongoose] starting...
2019-07-29 12:48:33,199 INFO 3092 [egg-mongoose] mongodb://127.0.0.1/shoppingMall connected successfully
2019-07-29 12:48:33,250 INFO 3092 [egg-mongoose] instance[0] start successfully
2019-07-29 12:48:33,267 INFO 3092 [egg-watcher:application] watcher start success
2019-07-29 12:48:33,307 INFO 3092 [egg:core] dump config after ready, 34ms
2019-07-29 13:56:48,837 WARN 3092 [TCPBase] socket is closed by other side while there were still unhandled data in the socket buffer
2019-07-29 13:56:48,842 WARN 3092 [ClusterClient:Watcher] follower closed, and try to init it again
2019-07-30 12:21:33,757 INFO 9536 [egg:logger] init all loggers with options: {"dir":"C:\\Users\\Lenovo\\Desktop\\vue-shopping\\server\\logs\\server","encoding":"utf8","env":"local","level":"INFO","consoleLevel":"INFO","disableConsoleAfterReady":false,"outputJSON":false,"buffer":true,"appLogName":"server-web.log","coreLogName":"egg-web.log","agentLogName":"egg-agent.log","errorLogName":"common-error.log","coreLogger":{"consoleLevel":"WARN"},"allowDebugAtProd":false,"type":"application"}
2019-07-30 12:21:33,870 INFO 9536 [egg-multipart] stream mode enable
2019-07-30 12:21:42,264 INFO 9536 [egg-mongoose] connecting mongodb://127.0.0.1/shoppingMall
2019-07-30 12:21:48,126 INFO 9536 [egg-static] starting static serve /public/ -> C:\Users\Lenovo\Desktop\vue-shopping\server\app\public
2019-07-30 12:21:48,142 INFO 9536 [egg-security] use methodnoallow middleware
2019-07-30 12:21:48,145 INFO 9536 [egg-security] use noopen middleware
2019-07-30 12:21:48,150 INFO 9536 [egg-security] use nosniff middleware
2019-07-30 12:21:48,155 INFO 9536 [egg-security] use xssProtection middleware
2019-07-30 12:21:48,170 INFO 9536 [egg-security] use xframe middleware
2019-07-30 12:21:48,172 INFO 9536 [egg-security] use dta middleware
2019-07-30 12:21:48,173 INFO 9536 [egg-security] compose 6 middlewares into one security middleware
2019-07-30 12:21:48,465 INFO 9536 [egg:core] dump config after load, 46ms
2019-07-30 12:21:48,476 INFO 9536 [egg-mongoose] starting...
2019-07-30 12:21:48,858 INFO 9536 [egg-watcher:application] watcher start success
2019-07-30 12:21:49,350 INFO 9536 [egg-mongoose] mongodb://127.0.0.1/shoppingMall connected successfully
2019-07-30 12:21:49,398 INFO 9536 [egg-mongoose] instance[0] start successfully
2019-07-30 12:21:49,554 INFO 9536 [egg:core] dump config after ready, 135ms
2019-07-30 12:40:58,419 INFO 4852 [egg:logger] init all loggers with options: {"dir":"C:\\Users\\Lenovo\\Desktop\\vue-shopping\\server\\logs\\server","encoding":"utf8","env":"local","level":"INFO","consoleLevel":"INFO","disableConsoleAfterReady":false,"outputJSON":false,"buffer":true,"appLogName":"server-web.log","coreLogName":"egg-web.log","agentLogName":"egg-agent.log","errorLogName":"common-error.log","coreLogger":{"consoleLevel":"WARN"},"allowDebugAtProd":false,"type":"application"}
2019-07-30 12:40:58,600 INFO 4852 [egg-multipart] stream mode enable
2019-07-30 12:41:10,111 INFO 4852 [egg-mongoose] connecting mongodb://127.0.0.1/shoppingMall
2019-07-30 12:41:14,861 INFO 4852 [egg-static] starting static serve /public/ -> C:\Users\Lenovo\Desktop\vue-shopping\server\app\public
2019-07-30 12:41:14,877 INFO 4852 [egg-security] use methodnoallow middleware
2019-07-30 12:41:14,881 INFO 4852 [egg-security] use noopen middleware
2019-07-30 12:41:14,887 INFO 4852 [egg-security] use nosniff middleware
2019-07-30 12:41:14,890 INFO 4852 [egg-security] use xssProtection middleware
2019-07-30 12:41:14,893 INFO 4852 [egg-security] use xframe middleware
2019-07-30 12:41:14,896 INFO 4852 [egg-security] use dta middleware
2019-07-30 12:41:14,896 INFO 4852 [egg-security] compose 6 middlewares into one security middleware
2019-07-30 12:41:15,211 INFO 4852 [egg:core] dump config after load, 78ms
2019-07-30 12:41:15,227 INFO 4852 [egg-mongoose] starting...
2019-07-30 12:41:15,621 INFO 4852 [egg-watcher:application] watcher start success
2019-07-30 12:41:16,329 INFO 4852 [egg-mongoose] mongodb://127.0.0.1/shoppingMall connected successfully
2019-07-30 12:41:16,384 INFO 4852 [egg-mongoose] instance[0] start successfully
2019-07-30 12:41:16,452 INFO 4852 [egg:core] dump config after ready, 56ms
2019-07-31 14:04:49,213 INFO 6376 [egg:logger] init all loggers with options: {"dir":"C:\\Users\\Lenovo\\Desktop\\vue-shopping\\server\\logs\\server","encoding":"utf8","env":"local","level":"INFO","consoleLevel":"INFO","disableConsoleAfterReady":false,"outputJSON":false,"buffer":true,"appLogName":"server-web.log","coreLogName":"egg-web.log","agentLogName":"egg-agent.log","errorLogName":"common-error.log","coreLogger":{"consoleLevel":"WARN"},"allowDebugAtProd":false,"type":"application"}
2019-07-31 14:04:49,322 INFO 6376 [egg-multipart] stream mode enable
2019-07-31 14:05:00,641 INFO 6376 [egg-mongoose] connecting mongodb://127.0.0.1/shoppingMall
2019-07-31 14:05:10,289 INFO 6376 [egg-static] starting static serve /public/ -> C:\Users\Lenovo\Desktop\vue-shopping\server\app\public
2019-07-31 14:05:10,353 INFO 6376 [egg-security] use methodnoallow middleware
2019-07-31 14:05:10,355 INFO 6376 [egg-security] use noopen middleware
2019-07-31 14:05:10,359 INFO 6376 [egg-security] use nosniff middleware
2019-07-31 14:05:10,361 INFO 6376 [egg-security] use xssProtection middleware
2019-07-31 14:05:10,370 INFO 6376 [egg-security] use xframe middleware
2019-07-31 14:05:10,372 INFO 6376 [egg-security] use dta middleware
2019-07-31 14:05:10,373 INFO 6376 [egg-security] compose 6 middlewares into one security middleware
2019-07-31 14:05:10,715 INFO 6376 [egg:core] dump config after load, 63ms
2019-07-31 14:05:10,724 INFO 6376 [egg-mongoose] starting...
2019-07-31 14:05:10,951 INFO 6376 [egg-mongoose] mongodb://127.0.0.1/shoppingMall connected successfully
2019-07-31 14:05:10,996 INFO 6376 [egg-mongoose] instance[0] start successfully
2019-07-31 14:05:11,017 INFO 6376 [egg-watcher:application] watcher start success
2019-07-31 14:05:11,057 INFO 6376 [egg:core] dump config after ready, 33ms
2019-07-31 17:55:40,696 WARN 6376 [ClusterClient:Watcher] follower closed, and try to init it again
2019-07-31 20:51:57,642 WARN 6376 [ClusterClient:Watcher] follower closed, and try to init it again
2019-07-31 21:03:21,510 WARN 6376 [ClusterClient:Watcher] follower closed, and try to init it again
2019-08-01 09:40:20,036 INFO 10600 [egg:logger] init all loggers with options: {"dir":"C:\\Users\\Lenovo\\Desktop\\vue-shopping\\server\\logs\\server","encoding":"utf8","env":"local","level":"INFO","consoleLevel":"INFO","disableConsoleAfterReady":false,"outputJSON":false,"buffer":true,"appLogName":"server-web.log","coreLogName":"egg-web.log","agentLogName":"egg-agent.log","errorLogName":"common-error.log","coreLogger":{"consoleLevel":"WARN"},"allowDebugAtProd":false,"type":"application"}
2019-08-01 09:40:20,136 INFO 10600 [egg-multipart] stream mode enable
2019-08-01 09:40:26,152 INFO 10600 [egg-mongoose] connecting mongodb://127.0.0.1/shoppingMall
2019-08-01 09:40:33,186 INFO 10600 [egg-static] starting static serve /public/ -> C:\Users\Lenovo\Desktop\vue-shopping\server\app\public
2019-08-01 09:40:33,194 INFO 10600 [egg-security] use methodnoallow middleware
2019-08-01 09:40:33,196 INFO 10600 [egg-security] use noopen middleware
2019-08-01 09:40:33,199 INFO 10600 [egg-security] use nosniff middleware
2019-08-01 09:40:33,201 INFO 10600 [egg-security] use xssProtection middleware
2019-08-01 09:40:33,216 INFO 10600 [egg-security] use xframe middleware
2019-08-01 09:40:33,218 INFO 10600 [egg-security] use dta middleware
2019-08-01 09:40:33,219 INFO 10600 [egg-security] compose 6 middlewares into one security middleware
2019-08-01 09:40:33,564 INFO 10600 [egg:core] dump config after load, 23ms
2019-08-01 09:40:33,571 INFO 10600 [egg-mongoose] starting...
2019-08-01 09:40:33,831 INFO 10600 [egg-watcher:application] watcher start success
2019-08-01 09:40:33,884 INFO 10600 [egg-mongoose] mongodb://127.0.0.1/shoppingMall connected successfully
2019-08-01 09:40:33,937 INFO 10600 [egg-mongoose] instance[0] start successfully
2019-08-01 09:40:33,969 INFO 10600 [egg:core] dump config after ready, 27ms
2019-08-01 13:44:24,485 WARN 10600 [ClusterClient:Watcher] follower closed, and try to init it again
2019-08-02 14:11:39,803 INFO 3216 [egg:logger] init all loggers with options: {"dir":"C:\\Users\\Lenovo\\Desktop\\vue-shopping\\server\\logs\\server","encoding":"utf8","env":"local","level":"INFO","consoleLevel":"INFO","disableConsoleAfterReady":false,"outputJSON":false,"buffer":true,"appLogName":"server-web.log","coreLogName":"egg-web.log","agentLogName":"egg-agent.log","errorLogName":"common-error.log","coreLogger":{"consoleLevel":"WARN"},"allowDebugAtProd":false,"type":"application"}
2019-08-02 14:11:39,897 INFO 3216 [egg-multipart] stream mode enable
2019-08-02 14:11:52,628 INFO 3216 [egg-mongoose] connecting mongodb://127.0.0.1/shoppingMall
2019-08-02 14:12:07,789 INFO 3216 [egg-static] starting static serve /public/ -> C:\Users\Lenovo\Desktop\vue-shopping\server\app\public
2019-08-02 14:12:07,820 INFO 3216 [egg-security] use methodnoallow middleware
2019-08-02 14:12:07,823 INFO 3216 [egg-security] use noopen middleware
2019-08-02 14:12:07,827 INFO 3216 [egg-security] use nosniff middleware
2019-08-02 14:12:07,829 INFO 3216 [egg-security] use xssProtection middleware
2019-08-02 14:12:07,838 INFO 3216 [egg-security] use xframe middleware
2019-08-02 14:12:07,840 INFO 3216 [egg-security] use dta middleware
2019-08-02 14:12:07,840 INFO 3216 [egg-security] compose 6 middlewares into one security middleware
2019-08-02 14:12:08,110 INFO 3216 [egg:core] dump config after load, 46ms
2019-08-02 14:12:08,117 INFO 3216 [egg-mongoose] starting...
2019-08-02 14:12:08,355 INFO 3216 [egg-mongoose] mongodb://127.0.0.1/shoppingMall connected successfully
2019-08-02 14:12:08,387 INFO 3216 [egg-mongoose] instance[0] start successfully
2019-08-02 14:12:08,397 INFO 3216 [egg-watcher:application] watcher start success
2019-08-02 14:12:08,447 INFO 3216 [egg:core] dump config after ready, 32ms
2019-08-03 13:27:42,719 INFO 10176 [egg:logger] init all loggers with options: {"dir":"C:\\Users\\Administrator\\Desktop\\shopping\\server\\logs\\server","encoding":"utf8","env":"local","level":"INFO","consoleLevel":"INFO","disableConsoleAfterReady":false,"outputJSON":false,"buffer":true,"appLogName":"server-web.log","coreLogName":"egg-web.log","agentLogName":"egg-agent.log","errorLogName":"common-error.log","coreLogger":{"consoleLevel":"WARN"},"allowDebugAtProd":false,"type":"application"}
2019-08-03 13:27:42,759 INFO 10176 [egg-multipart] stream mode enable
2019-08-03 13:27:43,569 INFO 10176 [egg-mongoose] connecting mongodb://127.0.0.1/shoppingMall
2019-08-03 13:27:44,105 INFO 10176 [egg-static] starting static serve /public/ -> C:\Users\Administrator\Desktop\shopping\server\app\public
2019-08-03 13:27:44,110 INFO 10176 [egg-security] use methodnoallow middleware
2019-08-03 13:27:44,111 INFO 10176 [egg-security] use noopen middleware
2019-08-03 13:27:44,114 INFO 10176 [egg-security] use nosniff middleware
2019-08-03 13:27:44,115 INFO 10176 [egg-security] use xssProtection middleware
2019-08-03 13:27:44,116 INFO 10176 [egg-security] use xframe middleware
2019-08-03 13:27:44,116 INFO 10176 [egg-security] use dta middleware
2019-08-03 13:27:44,116 INFO 10176 [egg-security] compose 6 middlewares into one security middleware
2019-08-03 13:27:44,146 INFO 10176 [egg:core] dump config after load, 7ms
2019-08-03 13:27:44,149 INFO 10176 [egg-mongoose] starting...
2019-08-03 13:27:44,202 INFO 10176 [egg-mongoose] mongodb://127.0.0.1/shoppingMall connected successfully
2019-08-03 13:27:44,210 INFO 10176 [egg-mongoose] instance[0] start successfully
2019-08-03 13:27:44,211 INFO 10176 [egg-watcher:application] watcher start success
2019-08-03 13:27:44,224 INFO 10176 [egg:core] dump config after ready, 10ms
2019-08-03 13:35:31,655 INFO 7760 [egg:logger] init all loggers with options: {"dir":"C:\\Users\\Administrator\\Desktop\\shopping\\server\\logs\\server","encoding":"utf8","env":"local","level":"INFO","consoleLevel":"INFO","disableConsoleAfterReady":false,"outputJSON":false,"buffer":true,"appLogName":"server-web.log","coreLogName":"egg-web.log","agentLogName":"egg-agent.log","errorLogName":"common-error.log","coreLogger":{"consoleLevel":"WARN"},"allowDebugAtProd":false,"type":"application"}
2019-08-03 13:35:31,695 INFO 7760 [egg-multipart] stream mode enable
2019-08-03 13:35:32,517 INFO 7760 [egg-mongoose] connecting mongodb://127.0.0.1/shoppingMall
2019-08-03 13:35:33,219 INFO 7760 [egg-static] starting static serve /public/ -> C:\Users\Administrator\Desktop\shopping\server\app\public
2019-08-03 13:35:33,224 INFO 7760 [egg-security] use methodnoallow middleware
2019-08-03 13:35:33,225 INFO 7760 [egg-security] use noopen middleware
2019-08-03 13:35:33,229 INFO 7760 [egg-security] use nosniff middleware
2019-08-03 13:35:33,230 INFO 7760 [egg-security] use xssProtection middleware
2019-08-03 13:35:33,231 INFO 7760 [egg-security] use xframe middleware
2019-08-03 13:35:33,232 INFO 7760 [egg-security] use dta middleware
2019-08-03 13:35:33,232 INFO 7760 [egg-security] compose 6 middlewares into one security middleware
2019-08-03 13:35:33,269 INFO 7760 [egg:core] dump config after load, 9ms
2019-08-03 13:35:33,273 INFO 7760 [egg-mongoose] starting...
2019-08-03 13:35:33,357 INFO 7760 [egg-mongoose] mongodb://127.0.0.1/shoppingMall connected successfully
2019-08-03 13:35:33,370 INFO 7760 [egg-mongoose] instance[0] start successfully
2019-08-03 13:35:33,379 INFO 7760 [egg-watcher:application] watcher start success
2019-08-03 13:35:33,396 INFO 7760 [egg:core] dump config after ready, 14ms
2019-08-04 08:46:31,901 INFO 9016 [egg:logger] init all loggers with options: {"dir":"C:\\Users\\Administrator\\Desktop\\shopping\\server\\logs\\server","encoding":"utf8","env":"local","level":"INFO","consoleLevel":"INFO","disableConsoleAfterReady":false,"outputJSON":false,"buffer":true,"appLogName":"server-web.log","coreLogName":"egg-web.log","agentLogName":"egg-agent.log","errorLogName":"common-error.log","coreLogger":{"consoleLevel":"WARN"},"allowDebugAtProd":false,"type":"application"}
2019-08-04 08:46:31,940 INFO 9016 [egg-multipart] stream mode enable
2019-08-04 08:46:32,782 INFO 9016 [egg-mongoose] connecting mongodb://127.0.0.1/shoppingMall
2019-08-04 08:46:33,378 INFO 9016 [egg-static] starting static serve /public/ -> C:\Users\Administrator\Desktop\shopping\server\app\public
2019-08-04 08:46:33,384 INFO 9016 [egg-security] use methodnoallow middleware
2019-08-04 08:46:33,385 INFO 9016 [egg-security] use noopen middleware
2019-08-04 08:46:33,388 INFO 9016 [egg-security] use nosniff middleware
2019-08-04 08:46:33,389 INFO 9016 [egg-security] use xssProtection middleware
2019-08-04 08:46:33,390 INFO 9016 [egg-security] use xframe middleware
2019-08-04 08:46:33,392 INFO 9016 [egg-security] use dta middleware
2019-08-04 08:46:33,392 INFO 9016 [egg-security] compose 6 middlewares into one security middleware
2019-08-04 08:46:33,429 INFO 9016 [egg:core] dump config after load, 9ms
2019-08-04 08:46:33,445 INFO 9016 [egg-mongoose] starting...
2019-08-04 08:46:33,507 INFO 9016 [egg-watcher:application] watcher start success
2019-08-04 08:46:33,517 INFO 9016 [egg-mongoose] mongodb://127.0.0.1/shoppingMall connected successfully
2019-08-04 08:46:33,526 INFO 9016 [egg-mongoose] instance[0] start successfully
2019-08-04 08:46:33,544 INFO 9016 [egg:core] dump config after ready, 15ms
2019-08-04 09:34:08,899 INFO 7836 [egg:logger] init all loggers with options: {"dir":"C:\\Users\\Administrator\\Desktop\\shopping\\server\\logs\\server","encoding":"utf8","env":"local","level":"INFO","consoleLevel":"INFO","disableConsoleAfterReady":false,"outputJSON":false,"buffer":true,"appLogName":"server-web.log","coreLogName":"egg-web.log","agentLogName":"egg-agent.log","errorLogName":"common-error.log","coreLogger":{"consoleLevel":"WARN"},"allowDebugAtProd":false,"type":"application"}
2019-08-04 09:34:08,945 INFO 7836 [egg-multipart] stream mode enable
2019-08-04 09:34:09,969 INFO 7836 [egg-mongoose] connecting mongodb://127.0.0.1/shoppingMall
2019-08-04 09:34:10,753 INFO 7836 [egg-static] starting static serve /public/ -> C:\Users\Administrator\Desktop\shopping\server\app\public
2019-08-04 09:34:10,758 INFO 7836 [egg-security] use methodnoallow middleware
2019-08-04 09:34:10,760 INFO 7836 [egg-security] use noopen middleware
2019-08-04 09:34:10,763 INFO 7836 [egg-security] use nosniff middleware
2019-08-04 09:34:10,764 INFO 7836 [egg-security] use xssProtection middleware
2019-08-04 09:34:10,765 INFO 7836 [egg-security] use xframe middleware
2019-08-04 09:34:10,766 INFO 7836 [egg-security] use dta middleware
2019-08-04 09:34:10,766 INFO 7836 [egg-security] compose 6 middlewares into one security middleware
2019-08-04 09:34:10,800 INFO 7836 [egg:core] dump config after load, 6ms
2019-08-04 09:34:10,802 INFO 7836 [egg-mongoose] starting...
2019-08-04 09:34:10,855 INFO 7836 [egg-mongoose] mongodb://127.0.0.1/shoppingMall connected successfully
2019-08-04 09:34:10,862 INFO 7836 [egg-mongoose] instance[0] start successfully
2019-08-04 09:34:10,864 INFO 7836 [egg-watcher:application] watcher start success
2019-08-04 09:34:10,878 INFO 7836 [egg:core] dump config after ready, 8ms
2019-08-05 08:36:38,217 INFO 4236 [egg:logger] init all loggers with options: {"dir":"C:\\Users\\Administrator\\Desktop\\shopping\\server\\logs\\server","encoding":"utf8","env":"local","level":"INFO","consoleLevel":"INFO","disableConsoleAfterReady":false,"outputJSON":false,"buffer":true,"appLogName":"server-web.log","coreLogName":"egg-web.log","agentLogName":"egg-agent.log","errorLogName":"common-error.log","coreLogger":{"consoleLevel":"WARN"},"allowDebugAtProd":false,"type":"application"}
2019-08-05 08:36:38,255 INFO 4236 [egg-multipart] stream mode enable
2019-08-05 08:36:39,058 INFO 4236 [egg-mongoose] connecting mongodb://127.0.0.1/shoppingMall
2019-08-05 08:36:39,671 INFO 4236 [egg-static] starting static serve /public/ -> C:\Users\Administrator\Desktop\shopping\server\app\public
2019-08-05 08:36:39,676 INFO 4236 [egg-security] use methodnoallow middleware
2019-08-05 08:36:39,677 INFO 4236 [egg-security] use noopen middleware
2019-08-05 08:36:39,680 INFO 4236 [egg-security] use nosniff middleware
2019-08-05 08:36:39,681 INFO 4236 [egg-security] use xssProtection middleware
2019-08-05 08:36:39,682 INFO 4236 [egg-security] use xframe middleware
2019-08-05 08:36:39,683 INFO 4236 [egg-security] use dta middleware
2019-08-05 08:36:39,683 INFO 4236 [egg-security] compose 6 middlewares into one security middleware
2019-08-05 08:36:39,717 INFO 4236 [egg:core] dump config after load, 9ms
2019-08-05 08:36:39,720 INFO 4236 [egg-mongoose] starting...
2019-08-05 08:36:39,775 INFO 4236 [egg-mongoose] mongodb://127.0.0.1/shoppingMall connected successfully
2019-08-05 08:36:39,782 INFO 4236 [egg-mongoose] instance[0] start successfully
2019-08-05 08:36:39,784 INFO 4236 [egg-watcher:application] watcher start success
2019-08-05 08:36:39,800 INFO 4236 [egg:core] dump config after ready, 12ms
2019-09-08 16:44:43,697 INFO 1200 [egg:logger] init all loggers with options: {"dir":"C:\\Users\\Administrator\\Desktop\\vue-shopping1\\server\\logs\\server","encoding":"utf8","env":"local","level":"INFO","consoleLevel":"INFO","disableConsoleAfterReady":false,"outputJSON":false,"buffer":true,"appLogName":"server-web.log","coreLogName":"egg-web.log","agentLogName":"egg-agent.log","errorLogName":"common-error.log","coreLogger":{"consoleLevel":"WARN"},"allowDebugAtProd":false,"type":"application"}
2019-09-08 16:44:43,741 INFO 1200 [egg-multipart] stream mode enable
2019-09-08 16:44:44,346 INFO 1200 [egg-mongoose] connecting mongodb://127.0.0.1/shoppingMall
2019-09-08 16:44:44,968 INFO 1200 [egg-static] starting static serve /public/ -> C:\Users\Administrator\Desktop\vue-shopping1\server\app\public
2019-09-08 16:44:44,973 INFO 1200 [egg-security] use methodnoallow middleware
2019-09-08 16:44:44,974 INFO 1200 [egg-security] use noopen middleware
2019-09-08 16:44:44,977 INFO 1200 [egg-security] use nosniff middleware
2019-09-08 16:44:44,978 INFO 1200 [egg-security] use xssProtection middleware
2019-09-08 16:44:44,978 INFO 1200 [egg-security] use xframe middleware
2019-09-08 16:44:44,979 INFO 1200 [egg-security] use dta middleware
2019-09-08 16:44:44,979 INFO 1200 [egg-security] compose 6 middlewares into one security middleware
2019-09-08 16:44:45,011 INFO 1200 [egg:core] dump config after load, 7ms
2019-09-08 16:44:45,015 INFO 1200 [egg-mongoose] starting...
2019-09-08 16:44:45,090 INFO 1200 [egg-mongoose] mongodb://127.0.0.1/shoppingMall connected successfully
2019-09-08 16:44:45,102 INFO 1200 [egg-mongoose] instance[0] start successfully
2019-09-08 16:44:45,105 INFO 1200 [egg-watcher:application] watcher start success
2019-09-08 16:44:45,131 INFO 1200 [egg:core] dump config after ready, 12ms
2019-09-08 16:51:58,613 INFO 6616 [egg:logger] init all loggers with options: {"dir":"C:\\Users\\Administrator\\Desktop\\vue-shopping1\\server\\logs\\server","encoding":"utf8","env":"local","level":"INFO","consoleLevel":"INFO","disableConsoleAfterReady":false,"outputJSON":false,"buffer":true,"appLogName":"server-web.log","coreLogName":"egg-web.log","agentLogName":"egg-agent.log","errorLogName":"common-error.log","coreLogger":{"consoleLevel":"WARN"},"allowDebugAtProd":false,"type":"application"}
2019-09-08 16:51:58,649 INFO 6616 [egg-multipart] stream mode enable
2019-09-08 16:51:59,248 INFO 6616 [egg-mongoose] connecting mongodb://127.0.0.1/shoppingMall
2019-09-08 16:51:59,853 INFO 6616 [egg-static] starting static serve /public/ -> C:\Users\Administrator\Desktop\vue-shopping1\server\app\public
2019-09-08 16:51:59,857 INFO 6616 [egg-security] use methodnoallow middleware
2019-09-08 16:51:59,859 INFO 6616 [egg-security] use noopen middleware
2019-09-08 16:51:59,862 INFO 6616 [egg-security] use nosniff middleware
2019-09-08 16:51:59,863 INFO 6616 [egg-security] use xssProtection middleware
2019-09-08 16:51:59,864 INFO 6616 [egg-security] use xframe middleware
2019-09-08 16:51:59,865 INFO 6616 [egg-security] use dta middleware
2019-09-08 16:51:59,865 INFO 6616 [egg-security] compose 6 middlewares into one security middleware
2019-09-08 16:51:59,910 INFO 6616 [egg:core] dump config after load, 10ms
2019-09-08 16:51:59,914 INFO 6616 [egg-mongoose] starting...
2019-09-08 16:51:59,997 INFO 6616 [egg-mongoose] mongodb://127.0.0.1/shoppingMall connected successfully
2019-09-08 16:52:00,006 INFO 6616 [egg-mongoose] instance[0] start successfully
2019-09-08 16:52:00,008 INFO 6616 [egg-watcher:application] watcher start success
2019-09-08 16:52:00,020 INFO 6616 [egg:core] dump config after ready, 8ms
2019-09-10 08:41:06,072 INFO 3380 [egg:logger] init all loggers with options: {"dir":"C:\\Users\\Administrator\\Desktop\\vue-shopping1\\server\\logs\\server","encoding":"utf8","env":"local","level":"INFO","consoleLevel":"INFO","disableConsoleAfterReady":false,"outputJSON":false,"buffer":true,"appLogName":"server-web.log","coreLogName":"egg-web.log","agentLogName":"egg-agent.log","errorLogName":"common-error.log","coreLogger":{"consoleLevel":"WARN"},"allowDebugAtProd":false,"type":"application"}
2019-09-10 08:41:06,113 INFO 3380 [egg-multipart] stream mode enable
2019-09-10 08:41:06,968 INFO 3380 [egg-mongoose] connecting mongodb://127.0.0.1/shoppingMall
2019-09-10 08:41:07,692 INFO 3380 [egg-static] starting static serve /public/ -> C:\Users\Administrator\Desktop\vue-shopping1\server\app\public
2019-09-10 08:41:07,697 INFO 3380 [egg-security] use methodnoallow middleware
2019-09-10 08:41:07,699 INFO 3380 [egg-security] use noopen middleware
2019-09-10 08:41:07,703 INFO 3380 [egg-security] use nosniff middleware
2019-09-10 08:41:07,704 INFO 3380 [egg-security] use xssProtection middleware
2019-09-10 08:41:07,705 INFO 3380 [egg-security] use xframe middleware
2019-09-10 08:41:07,706 INFO 3380 [egg-security] use dta middleware
2019-09-10 08:41:07,706 INFO 3380 [egg-security] compose 6 middlewares into one security middleware
2019-09-10 08:41:07,744 INFO 3380 [egg:core] dump config after load, 9ms
2019-09-10 08:41:07,752 INFO 3380 [egg-mongoose] starting...
2019-09-10 08:41:07,822 INFO 3380 [egg-mongoose] mongodb://127.0.0.1/shoppingMall connected successfully
2019-09-10 08:41:07,831 INFO 3380 [egg-mongoose] instance[0] start successfully
2019-09-10 08:41:07,833 INFO 3380 [egg-watcher:application] watcher start success
2019-09-10 08:41:07,847 INFO 3380 [egg:core] dump config after ready, 10ms
